[00:40:53] [User Authenticator #3/INFO]: UUID of player MoNsTeRoFpEtOrL is cd35ef22-ad4c-4b39-a6d7-93d1d882ac9b
[00:40:53] [Server thread/INFO]: [examplePlugin] [STDOUT] a player has joined the server
[00:40:53] [Server thread/WARN]: Nag author(s): '[YelloElefant]' of 'examplePlugin v1.0-SNAPSHOT' about their usage of System.out/err.print. Please use your plugin's logger instead (JavaPlugin#getLogger).
[00:40:53] [Server thread/INFO]: MoNsTeRoFpEtOrL joined the game
[00:40:53] [Server thread/INFO]: MoNsTeRoFpEtOrL[/203.184.42.37:11338] logged in with entity id 27175 at ([world]188.94499460324604, 63.0, -347.69999998807907)
[01:23:20] [Server thread/INFO]: 34049
[01:53:53] [Server thread/INFO]: MoNsTeRoFpEtOrL has made the advancement [A Seedy Place]
[02:01:00] [Server thread/INFO]: 41018
[02:08:38] [Server thread/INFO]: 41989
[02:19:40] [Server thread/INFO]: MoNsTeRoFpEtOrL lost connection: Disconnected
[02:19:40] [Server thread/INFO]: MoNsTeRoFpEtOrL left the game
[06:40:23] [User Authenticator #4/INFO]: UUID of player MoNsTeRoFpEtOrL is cd35ef22-ad4c-4b39-a6d7-93d1d882ac9b
[06:40:23] [Server thread/INFO]: [examplePlugin] [STDOUT] a player has joined the server
[06:40:23] [Server thread/WARN]: Nag author(s): '[YelloElefant]' of 'examplePlugin v1.0-SNAPSHOT' about their usage of System.out/err.print. Please use your plugin's logger instead (JavaPlugin#getLogger).
[06:40:23] [Server thread/INFO]: MoNsTeRoFpEtOrL joined the game
[06:40:23] [Server thread/INFO]: MoNsTeRoFpEtOrL[/203.184.42.37:2109] logged in with entity id 43358 at ([world]182.5, 67.0, -338.5)
[06:45:18] [Server thread/INFO]: MoNsTeRoFpEtOrL lost connection: Disconnected
[06:45:18] [Server thread/INFO]: MoNsTeRoFpEtOrL left the game
[07:57:03] [User Authenticator #5/INFO]: UUID of player MoNsTeRoFpEtOrL is cd35ef22-ad4c-4b39-a6d7-93d1d882ac9b
[07:57:03] [Server thread/INFO]: [examplePlugin] [STDOUT] a player has joined the server
[07:57:03] [Server thread/WARN]: Nag author(s): '[YelloElefant]' of 'examplePlugin v1.0-SNAPSHOT' about their usage of System.out/err.print. Please use your plugin's logger instead (JavaPlugin#getLogger).
[07:57:03] [Server thread/INFO]: MoNsTeRoFpEtOrL joined the game
[07:57:03] [Server thread/INFO]: MoNsTeRoFpEtOrL[/203.184.42.37:23696] logged in with entity id 44028 at ([world]190.6282128153291, 67.0, -346.69999998807907)
[08:18:09] [Server thread/INFO]: MoNsTeRoFpEtOrL has made the advancement [Cover Me with Diamonds]
[08:35:06] [Server thread/INFO]: MoNsTeRoFpEtOrL lost connection: Disconnected
[08:35:06] [Server thread/INFO]: MoNsTeRoFpEtOrL left the game
